{"contracts/BondingCurve/BondingCurve.sol":{"l":{"41":3,"42":3,"46":2,"47":2,"48":2,"49":2,"50":0,"51":0,"52":0,"53":0,"57":2,"58":0,"59":0,"60":0,"61":0,"63":0,"64":0,"65":0,"66":0,"67":0},"path":"/home/nico/Desktop/Hegic/contracts-v888-master/contracts/BondingCurve/BondingCurve.sol","s":{"1":3,"2":3,"3":2,"4":2,"5":2,"6":2,"7":0,"8":0,"9":0,"10":0,"11":2,"12":0,"13":0,"14":0,"15":0,"16":0,"17":0,"18":0,"19":0,"20":0},"b":{"1":[0,2],"2":[0,0],"3":[0,0]},"f":{"1":3,"2":2,"3":2},"fnMap":{"1":{"name":"constructor","line":40,"loc":{"start":{"line":40,"column":4},"end":{"line":43,"column":4}}},"2":{"name":"buy","line":45,"loc":{"start":{"line":45,"column":4},"end":{"line":54,"column":4}}},"3":{"name":"sell","line":56,"loc":{"start":{"line":56,"column":4},"end":{"line":68,"column":4}}}},"statementMap":{"1":{"start":{"line":41,"column":8},"end":{"line":41,"column":21}},"2":{"start":{"line":42,"column":8},"end":{"line":42,"column":40}},"3":{"start":{"line":46,"column":8},"end":{"line":46,"column":51}},"4":{"start":{"line":47,"column":8},"end":{"line":47,"column":48}},"5":{"start":{"line":48,"column":8},"end":{"line":48,"column":28}},"6":{"start":{"line":49,"column":8},"end":{"line":49,"column":60}},"7":{"start":{"line":50,"column":8},"end":{"line":50,"column":50}},"8":{"start":{"line":51,"column":8},"end":{"line":51,"column":1732}},"9":{"start":{"line":52,"column":12},"end":{"line":52,"column":53}},"10":{"start":{"line":53,"column":8},"end":{"line":53,"column":55}},"11":{"start":{"line":57,"column":8},"end":{"line":57,"column":51}},"12":{"start":{"line":58,"column":8},"end":{"line":58,"column":48}},"13":{"start":{"line":59,"column":8},"end":{"line":59,"column":39}},"14":{"start":{"line":60,"column":8},"end":{"line":60,"column":46}},"15":{"start":{"line":61,"column":8},"end":{"line":61,"column":29}},"16":{"start":{"line":63,"column":8},"end":{"line":63,"column":28}},"17":{"start":{"line":64,"column":8},"end":{"line":64,"column":69}},"18":{"start":{"line":65,"column":8},"end":{"line":65,"column":47}},"19":{"start":{"line":66,"column":8},"end":{"line":66,"column":34}},"20":{"start":{"line":67,"column":8},"end":{"line":67,"column":61}}},"branchMap":{"1":{"line":49,"type":"if","locations":[{"start":{"line":49,"column":8},"end":{"line":49,"column":8}},{"start":{"line":49,"column":8},"end":{"line":49,"column":8}}]},"2":{"line":51,"type":"if","locations":[{"start":{"line":51,"column":8},"end":{"line":51,"column":8}},{"start":{"line":51,"column":8},"end":{"line":51,"column":8}}]},"3":{"line":61,"type":"if","locations":[{"start":{"line":61,"column":8},"end":{"line":61,"column":8}},{"start":{"line":61,"column":8},"end":{"line":61,"column":8}}]}}},"contracts/BondingCurve/LinearBondingCurve.sol":{"l":{"32":3,"33":3,"37":2,"38":2},"path":"/home/nico/Desktop/Hegic/contracts-v888-master/contracts/BondingCurve/LinearBondingCurve.sol","s":{"1":3,"2":3,"3":2,"4":2},"b":{"1":[2,0]},"f":{"1":3,"2":2},"fnMap":{"1":{"name":"constructor","line":31,"loc":{"start":{"line":31,"column":4},"end":{"line":34,"column":4}}},"2":{"name":"s","line":36,"loc":{"start":{"line":36,"column":4},"end":{"line":42,"column":4}}}},"statementMap":{"1":{"start":{"line":32,"column":8},"end":{"line":32,"column":12}},"2":{"start":{"line":33,"column":8},"end":{"line":33,"column":31}},"3":{"start":{"line":37,"column":8},"end":{"line":37,"column":23}},"4":{"start":{"line":38,"column":8},"end":{"line":38,"column":1255}}},"branchMap":{"1":{"line":37,"type":"if","locations":[{"start":{"line":37,"column":8},"end":{"line":37,"column":8}},{"start":{"line":37,"column":8},"end":{"line":37,"column":8}}]}}},"contracts/Interfaces/Interfaces.sol":{"l":{},"path":"/home/nico/Desktop/Hegic/contracts-v888-master/contracts/Interfaces/Interfaces.sol","s":{},"b":{},"f":{},"fnMap":{},"statementMap":{},"branchMap":{}},"contracts/Options/HegicETHOptions.sol":{"l":{"46":3,"47":3,"48":3,"49":3,"50":3,"58":0,"59":0,"67":0,"68":0,"76":0,"77":0,"78":0,"86":0,"87":0,"108":94,"114":94,"115":94,"116":94,"117":94,"118":94,"120":94,"121":94,"122":94,"133":94,"134":94,"135":94,"136":94,"145":0,"147":0,"148":0,"149":0,"150":0,"152":0,"160":109,"162":109,"163":105,"164":101,"166":101,"167":101,"169":37,"177":2,"178":2,"179":8,"208":220,"209":220,"210":220,"211":220,"212":220,"213":220,"221":22,"222":22,"223":14,"224":10,"225":10,"226":10,"239":220,"264":220,"265":106,"272":114,"293":220,"294":27,"295":193,"296":37,"297":156,"308":101,"309":101,"310":101,"311":101,"312":54,"313":18,"315":47,"316":19,"318":37,"319":1,"320":37,"329":220,"330":220,"331":220},"path":"/home/nico/Desktop/Hegic/contracts-v888-master/contracts/Options/HegicETHOptions.sol","s":{"1":3,"2":3,"3":3,"4":3,"5":3,"6":0,"7":0,"8":0,"9":0,"10":0,"11":0,"12":0,"13":0,"14":0,"15":94,"16":94,"17":94,"18":94,"19":94,"20":94,"21":0,"22":94,"23":94,"24":94,"25":94,"26":94,"27":94,"28":94,"29":0,"30":0,"31":0,"32":0,"33":0,"34":0,"35":109,"36":109,"37":105,"38":101,"39":101,"40":101,"41":37,"42":2,"43":2,"44":8,"45":220,"46":220,"47":220,"48":220,"49":220,"50":220,"51":22,"52":22,"53":14,"54":10,"55":10,"56":10,"57":220,"58":220,"59":106,"60":114,"61":220,"62":27,"63":193,"64":37,"65":156,"66":101,"67":101,"68":101,"69":101,"70":54,"71":18,"72":47,"73":19,"74":37,"75":1,"76":37,"77":220,"78":220,"79":220,"80":3188},"b":{"1":[0,0],"2":[0,0],"3":[0,0],"4":[0,0],"5":[0,0],"6":[94,0],"7":[94,0],"8":[94,0],"9":[94,0],"10":[0,94],"11":[0,0],"12":[0,0],"13":[0,0],"14":[0,0],"15":[105,4],"16":[101,4],"17":[101,0],"18":[14,8],"19":[10,4],"20":[106,114],"21":[27,193],"22":[37,156],"23":[54,47],"24":[18,36],"25":[19,28],"26":[1,36]},"f":{"1":3,"2":0,"3":0,"4":0,"5":0,"6":94,"7":0,"8":109,"9":2,"10":220,"11":22,"12":220,"13":220,"14":220,"15":101,"16":220},"fnMap":{"1":{"name":"constructor","line":45,"loc":{"start":{"line":45,"column":4},"end":{"line":51,"column":4}}},"2":{"name":"transferPoolOwnership","line":57,"loc":{"start":{"line":57,"column":4},"end":{"line":60,"column":4}}},"3":{"name":"setImpliedVolRate","line":66,"loc":{"start":{"line":66,"column":4},"end":{"line":69,"column":4}}},"4":{"name":"setSettlementFeeRecipient","line":75,"loc":{"start":{"line":75,"column":4},"end":{"line":79,"column":4}}},"5":{"name":"setOptionCollaterizationRatio","line":85,"loc":{"start":{"line":85,"column":4},"end":{"line":88,"column":4}}},"6":{"name":"create","line":98,"loc":{"start":{"line":98,"column":4},"end":{"line":137,"column":4}}},"7":{"name":"transfer","line":144,"loc":{"start":{"line":144,"column":4},"end":{"line":153,"column":4}}},"8":{"name":"exercise","line":159,"loc":{"start":{"line":159,"column":4},"end":{"line":170,"column":4}}},"9":{"name":"unlockAll","line":176,"loc":{"start":{"line":176,"column":4},"end":{"line":181,"column":4}}},"10":{"name":"fees","line":193,"loc":{"start":{"line":193,"column":4},"end":{"line":214,"column":4}}},"11":{"name":"unlock","line":220,"loc":{"start":{"line":220,"column":4},"end":{"line":227,"column":4}}},"12":{"name":"getSettlementFee","line":234,"loc":{"start":{"line":234,"column":4},"end":{"line":240,"column":4}}},"13":{"name":"getPeriodFee","line":257,"loc":{"start":{"line":257,"column":4},"end":{"line":278,"column":4}}},"14":{"name":"getStrikeFee","line":287,"loc":{"start":{"line":287,"column":4},"end":{"line":298,"column":4}}},"15":{"name":"payProfit","line":304,"loc":{"start":{"line":304,"column":4},"end":{"line":321,"column":4}}},"16":{"name":"sqrt","line":328,"loc":{"start":{"line":328,"column":4},"end":{"line":332,"column":4}}}},"statementMap":{"1":{"start":{"line":46,"column":8},"end":{"line":46,"column":32}},"2":{"start":{"line":47,"column":8},"end":{"line":47,"column":25}},"3":{"start":{"line":48,"column":8},"end":{"line":48,"column":39}},"4":{"start":{"line":49,"column":8},"end":{"line":49,"column":28}},"5":{"start":{"line":50,"column":8},"end":{"line":50,"column":50}},"6":{"start":{"line":58,"column":8},"end":{"line":58,"column":69}},"7":{"start":{"line":59,"column":8},"end":{"line":59,"column":38}},"8":{"start":{"line":67,"column":8},"end":{"line":67,"column":66}},"9":{"start":{"line":68,"column":8},"end":{"line":68,"column":29}},"10":{"start":{"line":76,"column":8},"end":{"line":76,"column":69}},"11":{"start":{"line":77,"column":8},"end":{"line":77,"column":48}},"12":{"start":{"line":78,"column":8},"end":{"line":78,"column":41}},"13":{"start":{"line":86,"column":8},"end":{"line":86,"column":58}},"14":{"start":{"line":87,"column":8},"end":{"line":87,"column":43}},"15":{"start":{"line":108,"column":8},"end":{"line":108,"column":3646}},"16":{"start":{"line":114,"column":8},"end":{"line":114,"column":55}},"17":{"start":{"line":115,"column":8},"end":{"line":115,"column":55}},"18":{"start":{"line":116,"column":8},"end":{"line":116,"column":67}},"19":{"start":{"line":117,"column":8},"end":{"line":117,"column":49}},"20":{"start":{"line":118,"column":8},"end":{"line":118,"column":69}},"21":{"start":{"line":118,"column":31},"end":{"line":118,"column":68}},"22":{"start":{"line":120,"column":8},"end":{"line":120,"column":52}},"23":{"start":{"line":121,"column":8},"end":{"line":121,"column":32}},"24":{"start":{"line":122,"column":8},"end":{"line":122,"column":4215}},"25":{"start":{"line":133,"column":8},"end":{"line":133,"column":27}},"26":{"start":{"line":134,"column":8},"end":{"line":134,"column":65}},"27":{"start":{"line":135,"column":8},"end":{"line":135,"column":72}},"28":{"start":{"line":136,"column":8},"end":{"line":136,"column":63}},"29":{"start":{"line":145,"column":8},"end":{"line":145,"column":49}},"30":{"start":{"line":147,"column":8},"end":{"line":147,"column":69}},"31":{"start":{"line":148,"column":8},"end":{"line":148,"column":74}},"32":{"start":{"line":149,"column":8},"end":{"line":149,"column":63}},"33":{"start":{"line":150,"column":8},"end":{"line":150,"column":88}},"34":{"start":{"line":152,"column":8},"end":{"line":152,"column":32}},"35":{"start":{"line":160,"column":8},"end":{"line":160,"column":49}},"36":{"start":{"line":162,"column":8},"end":{"line":162,"column":74}},"37":{"start":{"line":163,"column":8},"end":{"line":163,"column":63}},"38":{"start":{"line":164,"column":8},"end":{"line":164,"column":59}},"39":{"start":{"line":166,"column":8},"end":{"line":166,"column":37}},"40":{"start":{"line":167,"column":8},"end":{"line":167,"column":44}},"41":{"start":{"line":169,"column":8},"end":{"line":169,"column":39}},"42":{"start":{"line":177,"column":8},"end":{"line":177,"column":43}},"43":{"start":{"line":178,"column":8},"end":{"line":178,"column":6166}},"44":{"start":{"line":179,"column":12},"end":{"line":179,"column":31}},"45":{"start":{"line":208,"column":8},"end":{"line":208,"column":63}},"46":{"start":{"line":209,"column":8},"end":{"line":209,"column":51}},"47":{"start":{"line":210,"column":8},"end":{"line":210,"column":47}},"48":{"start":{"line":211,"column":8},"end":{"line":211,"column":81}},"49":{"start":{"line":212,"column":8},"end":{"line":212,"column":73}},"50":{"start":{"line":213,"column":8},"end":{"line":213,"column":58}},"51":{"start":{"line":221,"column":8},"end":{"line":221,"column":49}},"52":{"start":{"line":222,"column":8},"end":{"line":222,"column":81}},"53":{"start":{"line":223,"column":8},"end":{"line":223,"column":68}},"54":{"start":{"line":224,"column":8},"end":{"line":224,"column":35}},"55":{"start":{"line":225,"column":8},"end":{"line":225,"column":28}},"56":{"start":{"line":226,"column":8},"end":{"line":226,"column":45}},"57":{"start":{"line":239,"column":8},"end":{"line":239,"column":27}},"58":{"start":{"line":264,"column":8},"end":{"line":264,"column":9034}},"59":{"start":{"line":265,"column":12},"end":{"line":265,"column":9080}},"60":{"start":{"line":272,"column":12},"end":{"line":272,"column":9293}},"61":{"start":{"line":293,"column":8},"end":{"line":293,"column":9932}},"62":{"start":{"line":294,"column":12},"end":{"line":294,"column":73}},"63":{"start":{"line":295,"column":8},"end":{"line":295,"column":10074}},"64":{"start":{"line":296,"column":12},"end":{"line":296,"column":73}},"65":{"start":{"line":297,"column":8},"end":{"line":297,"column":16}},"66":{"start":{"line":308,"column":8},"end":{"line":308,"column":48}},"67":{"start":{"line":309,"column":8},"end":{"line":309,"column":67}},"68":{"start":{"line":310,"column":8},"end":{"line":310,"column":51}},"69":{"start":{"line":311,"column":8},"end":{"line":311,"column":10593}},"70":{"start":{"line":312,"column":12},"end":{"line":312,"column":77}},"71":{"start":{"line":313,"column":12},"end":{"line":313,"column":88}},"72":{"start":{"line":315,"column":12},"end":{"line":315,"column":78}},"73":{"start":{"line":316,"column":12},"end":{"line":316,"column":88}},"74":{"start":{"line":318,"column":8},"end":{"line":318,"column":11047}},"75":{"start":{"line":319,"column":12},"end":{"line":319,"column":39}},"76":{"start":{"line":320,"column":8},"end":{"line":320,"column":49}},"77":{"start":{"line":329,"column":8},"end":{"line":329,"column":17}},"78":{"start":{"line":330,"column":8},"end":{"line":330,"column":35}},"79":{"start":{"line":331,"column":8},"end":{"line":331,"column":68}},"80":{"start":{"line":331,"column":27},"end":{"line":331,"column":67}}},"branchMap":{"1":{"line":58,"type":"if","locations":[{"start":{"line":58,"column":8},"end":{"line":58,"column":8}},{"start":{"line":58,"column":8},"end":{"line":58,"column":8}}]},"2":{"line":67,"type":"if","locations":[{"start":{"line":67,"column":8},"end":{"line":67,"column":8}},{"start":{"line":67,"column":8},"end":{"line":67,"column":8}}]},"3":{"line":76,"type":"if","locations":[{"start":{"line":76,"column":8},"end":{"line":76,"column":8}},{"start":{"line":76,"column":8},"end":{"line":76,"column":8}}]},"4":{"line":77,"type":"if","locations":[{"start":{"line":77,"column":8},"end":{"line":77,"column":8}},{"start":{"line":77,"column":8},"end":{"line":77,"column":8}}]},"5":{"line":86,"type":"if","locations":[{"start":{"line":86,"column":8},"end":{"line":86,"column":8}},{"start":{"line":86,"column":8},"end":{"line":86,"column":8}}]},"6":{"line":114,"type":"if","locations":[{"start":{"line":114,"column":8},"end":{"line":114,"column":8}},{"start":{"line":114,"column":8},"end":{"line":114,"column":8}}]},"7":{"line":115,"type":"if","locations":[{"start":{"line":115,"column":8},"end":{"line":115,"column":8}},{"start":{"line":115,"column":8},"end":{"line":115,"column":8}}]},"8":{"line":116,"type":"if","locations":[{"start":{"line":116,"column":8},"end":{"line":116,"column":8}},{"start":{"line":116,"column":8},"end":{"line":116,"column":8}}]},"9":{"line":117,"type":"if","locations":[{"start":{"line":117,"column":8},"end":{"line":117,"column":8}},{"start":{"line":117,"column":8},"end":{"line":117,"column":8}}]},"10":{"line":118,"type":"if","locations":[{"start":{"line":118,"column":8},"end":{"line":118,"column":8}},{"start":{"line":118,"column":8},"end":{"line":118,"column":8}}]},"11":{"line":147,"type":"if","locations":[{"start":{"line":147,"column":8},"end":{"line":147,"column":8}},{"start":{"line":147,"column":8},"end":{"line":147,"column":8}}]},"12":{"line":148,"type":"if","locations":[{"start":{"line":148,"column":8},"end":{"line":148,"column":8}},{"start":{"line":148,"column":8},"end":{"line":148,"column":8}}]},"13":{"line":149,"type":"if","locations":[{"start":{"line":149,"column":8},"end":{"line":149,"column":8}},{"start":{"line":149,"column":8},"end":{"line":149,"column":8}}]},"14":{"line":150,"type":"if","locations":[{"start":{"line":150,"column":8},"end":{"line":150,"column":8}},{"start":{"line":150,"column":8},"end":{"line":150,"column":8}}]},"15":{"line":162,"type":"if","locations":[{"start":{"line":162,"column":8},"end":{"line":162,"column":8}},{"start":{"line":162,"column":8},"end":{"line":162,"column":8}}]},"16":{"line":163,"type":"if","locations":[{"start":{"line":163,"column":8},"end":{"line":163,"column":8}},{"start":{"line":163,"column":8},"end":{"line":163,"column":8}}]},"17":{"line":164,"type":"if","locations":[{"start":{"line":164,"column":8},"end":{"line":164,"column":8}},{"start":{"line":164,"column":8},"end":{"line":164,"column":8}}]},"18":{"line":222,"type":"if","locations":[{"start":{"line":222,"column":8},"end":{"line":222,"column":8}},{"start":{"line":222,"column":8},"end":{"line":222,"column":8}}]},"19":{"line":223,"type":"if","locations":[{"start":{"line":223,"column":8},"end":{"line":223,"column":8}},{"start":{"line":223,"column":8},"end":{"line":223,"column":8}}]},"20":{"line":264,"type":"if","locations":[{"start":{"line":264,"column":8},"end":{"line":264,"column":8}},{"start":{"line":264,"column":8},"end":{"line":264,"column":8}}]},"21":{"line":293,"type":"if","locations":[{"start":{"line":293,"column":8},"end":{"line":293,"column":8}},{"start":{"line":293,"column":8},"end":{"line":293,"column":8}}]},"22":{"line":295,"type":"if","locations":[{"start":{"line":295,"column":8},"end":{"line":295,"column":8}},{"start":{"line":295,"column":8},"end":{"line":295,"column":8}}]},"23":{"line":311,"type":"if","locations":[{"start":{"line":311,"column":8},"end":{"line":311,"column":8}},{"start":{"line":311,"column":8},"end":{"line":311,"column":8}}]},"24":{"line":312,"type":"if","locations":[{"start":{"line":312,"column":12},"end":{"line":312,"column":12}},{"start":{"line":312,"column":12},"end":{"line":312,"column":12}}]},"25":{"line":315,"type":"if","locations":[{"start":{"line":315,"column":12},"end":{"line":315,"column":12}},{"start":{"line":315,"column":12},"end":{"line":315,"column":12}}]},"26":{"line":318,"type":"if","locations":[{"start":{"line":318,"column":8},"end":{"line":318,"column":8}},{"start":{"line":318,"column":8},"end":{"line":318,"column":8}}]}}},"contracts/Options/HegicWBTCOptions.sol":{"l":{"57":3,"58":3,"59":3,"60":3,"61":3,"62":3,"63":3,"64":3,"66":3,"67":3,"68":3,"77":0,"78":0,"86":0,"87":0,"95":0,"96":0,"97":0,"105":0,"106":0,"127":94,"129":94,"133":94,"134":94,"135":94,"137":94,"138":94,"139":94,"141":94,"152":94,"153":94,"154":0,"157":94,"158":94,"159":94,"161":94,"170":0,"172":0,"173":0,"174":0,"175":0,"177":0,"185":109,"187":109,"188":105,"189":101,"191":101,"192":101,"194":37,"202":2,"203":2,"204":8,"212":3,"213":3,"243":220,"244":220,"245":220,"246":220,"247":220,"248":220,"249":220,"257":22,"258":22,"259":14,"260":10,"261":10,"262":10,"275":220,"300":220,"301":106,"308":114,"329":220,"330":27,"331":193,"332":39,"333":154,"344":101,"345":101,"346":101,"347":101,"348":54,"349":18,"351":47,"352":19,"354":37,"355":1,"356":37,"371":94,"379":94,"386":220,"387":220,"388":220},"path":"/home/nico/Desktop/Hegic/contracts-v888-master/contracts/Options/HegicWBTCOptions.sol","s":{"1":3,"2":3,"3":3,"4":3,"5":3,"6":3,"7":3,"8":3,"9":3,"10":3,"11":3,"12":0,"13":0,"14":0,"15":0,"16":0,"17":0,"18":0,"19":0,"20":0,"21":94,"22":94,"23":94,"24":94,"25":94,"26":94,"27":94,"28":94,"29":94,"30":94,"31":94,"32":0,"33":94,"34":94,"35":94,"36":94,"37":0,"38":0,"39":0,"40":0,"41":0,"42":0,"43":109,"44":109,"45":105,"46":101,"47":101,"48":101,"49":37,"50":2,"51":2,"52":8,"53":3,"54":3,"55":220,"56":220,"57":220,"58":220,"59":220,"60":220,"61":220,"62":22,"63":22,"64":14,"65":10,"66":10,"67":10,"68":220,"69":220,"70":106,"71":114,"72":220,"73":27,"74":193,"75":39,"76":154,"77":101,"78":101,"79":101,"80":101,"81":54,"82":18,"83":47,"84":19,"85":37,"86":1,"87":37,"88":94,"89":94,"90":220,"91":220,"92":220,"93":3188},"b":{"1":[0,0],"2":[0,0],"3":[0,0],"4":[0,0],"5":[0,0],"6":[94,0],"7":[94,0],"8":[94,0],"9":[94,0],"10":[0,94],"11":[0,0],"12":[0,0],"13":[0,0],"14":[0,0],"15":[105,4],"16":[101,4],"17":[101,0],"18":[14,8],"19":[10,4],"20":[106,114],"21":[27,193],"22":[39,154],"23":[54,47],"24":[18,36],"25":[19,28],"26":[1,36]},"f":{"1":3,"2":0,"3":0,"4":0,"5":0,"6":94,"7":0,"8":109,"9":2,"10":3,"11":220,"12":22,"13":220,"14":220,"15":220,"16":101,"17":94,"18":220},"fnMap":{"1":{"name":"constructor","line":51,"loc":{"start":{"line":51,"column":4},"end":{"line":70,"column":4}}},"2":{"name":"transferPoolOwnership","line":76,"loc":{"start":{"line":76,"column":4},"end":{"line":79,"column":4}}},"3":{"name":"setImpliedVolRate","line":85,"loc":{"start":{"line":85,"column":4},"end":{"line":88,"column":4}}},"4":{"name":"setSettlementFeeRecipient","line":94,"loc":{"start":{"line":94,"column":4},"end":{"line":98,"column":4}}},"5":{"name":"setOptionCollaterizationRatio","line":104,"loc":{"start":{"line":104,"column":4},"end":{"line":107,"column":4}}},"6":{"name":"create","line":117,"loc":{"start":{"line":117,"column":4},"end":{"line":162,"column":4}}},"7":{"name":"transfer","line":169,"loc":{"start":{"line":169,"column":4},"end":{"line":178,"column":4}}},"8":{"name":"exercise","line":184,"loc":{"start":{"line":184,"column":4},"end":{"line":195,"column":4}}},"9":{"name":"unlockAll","line":201,"loc":{"start":{"line":201,"column":4},"end":{"line":206,"column":4}}},"10":{"name":"approve","line":211,"loc":{"start":{"line":211,"column":4},"end":{"line":214,"column":4}}},"11":{"name":"fees","line":227,"loc":{"start":{"line":227,"column":4},"end":{"line":250,"column":4}}},"12":{"name":"unlock","line":256,"loc":{"start":{"line":256,"column":4},"end":{"line":263,"column":4}}},"13":{"name":"getSettlementFee","line":270,"loc":{"start":{"line":270,"column":4},"end":{"line":276,"column":4}}},"14":{"name":"getPeriodFee","line":293,"loc":{"start":{"line":293,"column":4},"end":{"line":314,"column":4}}},"15":{"name":"getStrikeFee","line":323,"loc":{"start":{"line":323,"column":4},"end":{"line":334,"column":4}}},"16":{"name":"payProfit","line":340,"loc":{"start":{"line":340,"column":4},"end":{"line":357,"column":4}}},"17":{"name":"swapToWBTC","line":364,"loc":{"start":{"line":364,"column":4},"end":{"line":380,"column":4}}},"18":{"name":"sqrt","line":385,"loc":{"start":{"line":385,"column":4},"end":{"line":389,"column":4}}}},"statementMap":{"1":{"start":{"line":57,"column":8},"end":{"line":57,"column":37}},"2":{"start":{"line":58,"column":8},"end":{"line":58,"column":19}},"3":{"start":{"line":59,"column":8},"end":{"line":59,"column":37}},"4":{"start":{"line":60,"column":8},"end":{"line":60,"column":55}},"5":{"start":{"line":61,"column":8},"end":{"line":61,"column":28}},"6":{"start":{"line":62,"column":8},"end":{"line":62,"column":31}},"7":{"start":{"line":63,"column":8},"end":{"line":63,"column":50}},"8":{"start":{"line":64,"column":8},"end":{"line":64,"column":16}},"9":{"start":{"line":66,"column":8},"end":{"line":66,"column":43}},"10":{"start":{"line":67,"column":8},"end":{"line":67,"column":50}},"11":{"start":{"line":68,"column":8},"end":{"line":68,"column":43}},"12":{"start":{"line":77,"column":8},"end":{"line":77,"column":69}},"13":{"start":{"line":78,"column":8},"end":{"line":78,"column":38}},"14":{"start":{"line":86,"column":8},"end":{"line":86,"column":66}},"15":{"start":{"line":87,"column":8},"end":{"line":87,"column":29}},"16":{"start":{"line":95,"column":8},"end":{"line":95,"column":69}},"17":{"start":{"line":96,"column":8},"end":{"line":96,"column":48}},"18":{"start":{"line":97,"column":8},"end":{"line":97,"column":41}},"19":{"start":{"line":105,"column":8},"end":{"line":105,"column":58}},"20":{"start":{"line":106,"column":8},"end":{"line":106,"column":43}},"21":{"start":{"line":127,"column":8},"end":{"line":127,"column":4352}},"22":{"start":{"line":129,"column":8},"end":{"line":129,"column":4450}},"23":{"start":{"line":133,"column":8},"end":{"line":133,"column":55}},"24":{"start":{"line":134,"column":8},"end":{"line":134,"column":55}},"25":{"start":{"line":135,"column":8},"end":{"line":135,"column":67}},"26":{"start":{"line":137,"column":8},"end":{"line":137,"column":52}},"27":{"start":{"line":138,"column":8},"end":{"line":138,"column":47}},"28":{"start":{"line":139,"column":8},"end":{"line":139,"column":32}},"29":{"start":{"line":141,"column":8},"end":{"line":141,"column":4912}},"30":{"start":{"line":152,"column":8},"end":{"line":152,"column":51}},"31":{"start":{"line":153,"column":8},"end":{"line":153,"column":5271}},"32":{"start":{"line":154,"column":12},"end":{"line":154,"column":55}},"33":{"start":{"line":157,"column":8},"end":{"line":157,"column":27}},"34":{"start":{"line":158,"column":8},"end":{"line":158,"column":55}},"35":{"start":{"line":159,"column":8},"end":{"line":159,"column":63}},"36":{"start":{"line":161,"column":8},"end":{"line":161,"column":63}},"37":{"start":{"line":170,"column":8},"end":{"line":170,"column":49}},"38":{"start":{"line":172,"column":8},"end":{"line":172,"column":69}},"39":{"start":{"line":173,"column":8},"end":{"line":173,"column":74}},"40":{"start":{"line":174,"column":8},"end":{"line":174,"column":63}},"41":{"start":{"line":175,"column":8},"end":{"line":175,"column":87}},"42":{"start":{"line":177,"column":8},"end":{"line":177,"column":32}},"43":{"start":{"line":185,"column":8},"end":{"line":185,"column":49}},"44":{"start":{"line":187,"column":8},"end":{"line":187,"column":74}},"45":{"start":{"line":188,"column":8},"end":{"line":188,"column":63}},"46":{"start":{"line":189,"column":8},"end":{"line":189,"column":59}},"47":{"start":{"line":191,"column":8},"end":{"line":191,"column":37}},"48":{"start":{"line":192,"column":8},"end":{"line":192,"column":44}},"49":{"start":{"line":194,"column":8},"end":{"line":194,"column":39}},"50":{"start":{"line":202,"column":8},"end":{"line":202,"column":43}},"51":{"start":{"line":203,"column":8},"end":{"line":203,"column":6985}},"52":{"start":{"line":204,"column":12},"end":{"line":204,"column":31}},"53":{"start":{"line":212,"column":8},"end":{"line":212,"column":48}},"54":{"start":{"line":213,"column":8},"end":{"line":213,"column":66}},"55":{"start":{"line":243,"column":8},"end":{"line":243,"column":67}},"56":{"start":{"line":244,"column":8},"end":{"line":244,"column":51}},"57":{"start":{"line":245,"column":8},"end":{"line":245,"column":47}},"58":{"start":{"line":246,"column":8},"end":{"line":246,"column":81}},"59":{"start":{"line":247,"column":8},"end":{"line":247,"column":73}},"60":{"start":{"line":248,"column":8},"end":{"line":248,"column":58}},"61":{"start":{"line":249,"column":8},"end":{"line":249,"column":73}},"62":{"start":{"line":257,"column":8},"end":{"line":257,"column":49}},"63":{"start":{"line":258,"column":8},"end":{"line":258,"column":81}},"64":{"start":{"line":259,"column":8},"end":{"line":259,"column":68}},"65":{"start":{"line":260,"column":8},"end":{"line":260,"column":35}},"66":{"start":{"line":261,"column":8},"end":{"line":261,"column":28}},"67":{"start":{"line":262,"column":8},"end":{"line":262,"column":45}},"68":{"start":{"line":275,"column":8},"end":{"line":275,"column":27}},"69":{"start":{"line":300,"column":8},"end":{"line":300,"column":10263}},"70":{"start":{"line":301,"column":12},"end":{"line":301,"column":10309}},"71":{"start":{"line":308,"column":12},"end":{"line":308,"column":10522}},"72":{"start":{"line":329,"column":8},"end":{"line":329,"column":11161}},"73":{"start":{"line":330,"column":12},"end":{"line":330,"column":73}},"74":{"start":{"line":331,"column":8},"end":{"line":331,"column":11303}},"75":{"start":{"line":332,"column":12},"end":{"line":332,"column":73}},"76":{"start":{"line":333,"column":8},"end":{"line":333,"column":16}},"77":{"start":{"line":344,"column":8},"end":{"line":344,"column":48}},"78":{"start":{"line":345,"column":8},"end":{"line":345,"column":67}},"79":{"start":{"line":346,"column":8},"end":{"line":346,"column":51}},"80":{"start":{"line":347,"column":8},"end":{"line":347,"column":11824}},"81":{"start":{"line":348,"column":12},"end":{"line":348,"column":77}},"82":{"start":{"line":349,"column":12},"end":{"line":349,"column":88}},"83":{"start":{"line":351,"column":12},"end":{"line":351,"column":78}},"84":{"start":{"line":352,"column":12},"end":{"line":352,"column":88}},"85":{"start":{"line":354,"column":8},"end":{"line":354,"column":12278}},"86":{"start":{"line":355,"column":12},"end":{"line":355,"column":39}},"87":{"start":{"line":356,"column":8},"end":{"line":356,"column":49}},"88":{"start":{"line":371,"column":12},"end":{"line":371,"column":12758}},"89":{"start":{"line":379,"column":12},"end":{"line":379,"column":29}},"90":{"start":{"line":386,"column":8},"end":{"line":386,"column":17}},"91":{"start":{"line":387,"column":8},"end":{"line":387,"column":35}},"92":{"start":{"line":388,"column":8},"end":{"line":388,"column":68}},"93":{"start":{"line":388,"column":27},"end":{"line":388,"column":67}}},"branchMap":{"1":{"line":77,"type":"if","locations":[{"start":{"line":77,"column":8},"end":{"line":77,"column":8}},{"start":{"line":77,"column":8},"end":{"line":77,"column":8}}]},"2":{"line":86,"type":"if","locations":[{"start":{"line":86,"column":8},"end":{"line":86,"column":8}},{"start":{"line":86,"column":8},"end":{"line":86,"column":8}}]},"3":{"line":95,"type":"if","locations":[{"start":{"line":95,"column":8},"end":{"line":95,"column":8}},{"start":{"line":95,"column":8},"end":{"line":95,"column":8}}]},"4":{"line":96,"type":"if","locations":[{"start":{"line":96,"column":8},"end":{"line":96,"column":8}},{"start":{"line":96,"column":8},"end":{"line":96,"column":8}}]},"5":{"line":105,"type":"if","locations":[{"start":{"line":105,"column":8},"end":{"line":105,"column":8}},{"start":{"line":105,"column":8},"end":{"line":105,"column":8}}]},"6":{"line":129,"type":"if","locations":[{"start":{"line":129,"column":8},"end":{"line":129,"column":8}},{"start":{"line":129,"column":8},"end":{"line":129,"column":8}}]},"7":{"line":133,"type":"if","locations":[{"start":{"line":133,"column":8},"end":{"line":133,"column":8}},{"start":{"line":133,"column":8},"end":{"line":133,"column":8}}]},"8":{"line":134,"type":"if","locations":[{"start":{"line":134,"column":8},"end":{"line":134,"column":8}},{"start":{"line":134,"column":8},"end":{"line":134,"column":8}}]},"9":{"line":135,"type":"if","locations":[{"start":{"line":135,"column":8},"end":{"line":135,"column":8}},{"start":{"line":135,"column":8},"end":{"line":135,"column":8}}]},"10":{"line":153,"type":"if","locations":[{"start":{"line":153,"column":8},"end":{"line":153,"column":8}},{"start":{"line":153,"column":8},"end":{"line":153,"column":8}}]},"11":{"line":172,"type":"if","locations":[{"start":{"line":172,"column":8},"end":{"line":172,"column":8}},{"start":{"line":172,"column":8},"end":{"line":172,"column":8}}]},"12":{"line":173,"type":"if","locations":[{"start":{"line":173,"column":8},"end":{"line":173,"column":8}},{"start":{"line":173,"column":8},"end":{"line":173,"column":8}}]},"13":{"line":174,"type":"if","locations":[{"start":{"line":174,"column":8},"end":{"line":174,"column":8}},{"start":{"line":174,"column":8},"end":{"line":174,"column":8}}]},"14":{"line":175,"type":"if","locations":[{"start":{"line":175,"column":8},"end":{"line":175,"column":8}},{"start":{"line":175,"column":8},"end":{"line":175,"column":8}}]},"15":{"line":187,"type":"if","locations":[{"start":{"line":187,"column":8},"end":{"line":187,"column":8}},{"start":{"line":187,"column":8},"end":{"line":187,"column":8}}]},"16":{"line":188,"type":"if","locations":[{"start":{"line":188,"column":8},"end":{"line":188,"column":8}},{"start":{"line":188,"column":8},"end":{"line":188,"column":8}}]},"17":{"line":189,"type":"if","locations":[{"start":{"line":189,"column":8},"end":{"line":189,"column":8}},{"start":{"line":189,"column":8},"end":{"line":189,"column":8}}]},"18":{"line":258,"type":"if","locations":[{"start":{"line":258,"column":8},"end":{"line":258,"column":8}},{"start":{"line":258,"column":8},"end":{"line":258,"column":8}}]},"19":{"line":259,"type":"if","locations":[{"start":{"line":259,"column":8},"end":{"line":259,"column":8}},{"start":{"line":259,"column":8},"end":{"line":259,"column":8}}]},"20":{"line":300,"type":"if","locations":[{"start":{"line":300,"column":8},"end":{"line":300,"column":8}},{"start":{"line":300,"column":8},"end":{"line":300,"column":8}}]},"21":{"line":329,"type":"if","locations":[{"start":{"line":329,"column":8},"end":{"line":329,"column":8}},{"start":{"line":329,"column":8},"end":{"line":329,"column":8}}]},"22":{"line":331,"type":"if","locations":[{"start":{"line":331,"column":8},"end":{"line":331,"column":8}},{"start":{"line":331,"column":8},"end":{"line":331,"column":8}}]},"23":{"line":347,"type":"if","locations":[{"start":{"line":347,"column":8},"end":{"line":347,"column":8}},{"start":{"line":347,"column":8},"end":{"line":347,"column":8}}]},"24":{"line":348,"type":"if","locations":[{"start":{"line":348,"column":12},"end":{"line":348,"column":12}},{"start":{"line":348,"column":12},"end":{"line":348,"column":12}}]},"25":{"line":351,"type":"if","locations":[{"start":{"line":351,"column":12},"end":{"line":351,"column":12}},{"start":{"line":351,"column":12},"end":{"line":351,"column":12}}]},"26":{"line":354,"type":"if","locations":[{"start":{"line":354,"column":8},"end":{"line":354,"column":8}},{"start":{"line":354,"column":8},"end":{"line":354,"column":8}}]}}},"contracts/Pool/HegicETHPool.sol":{"l":{"49":0,"50":0,"57":0,"68":6,"69":6,"70":6,"71":6,"72":2,"74":4,"76":6,"77":6,"79":6,"80":6,"89":3,"93":3,"98":3,"100":3,"101":3,"102":3,"104":3,"105":3,"106":3,"114":95,"115":95,"120":95,"121":95,"122":95,"130":11,"131":11,"132":11,"134":11,"135":11,"137":11,"150":37,"151":37,"152":37,"154":37,"155":37,"156":37,"158":37,"159":37,"161":37,"162":14,"164":23,"173":29,"174":29,"176":0,"184":5,"192":148,"196":9,"200":0,"204":0,"209":3,"210":3,"211":3,"212":3,"213":3},"path":"/home/nico/Desktop/Hegic/contracts-v888-master/contracts/Pool/HegicETHPool.sol","s":{"1":0,"2":0,"3":0,"4":6,"5":6,"6":6,"7":6,"8":2,"9":4,"10":6,"11":6,"12":6,"13":6,"14":3,"15":3,"16":3,"17":3,"18":3,"19":3,"20":3,"21":3,"22":3,"23":95,"24":95,"25":95,"26":95,"27":95,"28":11,"29":11,"30":11,"31":11,"32":11,"33":11,"34":37,"35":37,"36":37,"37":37,"38":37,"39":37,"40":37,"41":37,"42":37,"43":14,"44":23,"45":29,"46":29,"47":0,"48":5,"49":148,"50":9,"51":0,"52":0,"53":3,"54":3,"55":3,"56":3,"57":3},"b":{"1":[0,0],"2":[2,4],"3":[6,0],"4":[6,0],"5":[3,0],"6":[3,0],"7":[3,0],"8":[3,0],"9":[3,0],"10":[95,0],"11":[95,0],"12":[11,0],"13":[37,0],"14":[37,0],"15":[14,23],"16":[29,0],"17":[0,9],"18":[0,0],"19":[3,0],"20":[3,0]},"f":{"1":0,"2":0,"3":6,"4":3,"5":95,"6":11,"7":37,"8":29,"9":5,"10":148,"11":9,"12":3},"fnMap":{"1":{"name":"setLockupPeriod","line":48,"loc":{"start":{"line":48,"column":4},"end":{"line":51,"column":4}}},"2":{"name":"revertTransfersInLockUpPeriod","line":56,"loc":{"start":{"line":56,"column":4},"end":{"line":58,"column":4}}},"3":{"name":"provide","line":67,"loc":{"start":{"line":67,"column":4},"end":{"line":81,"column":4}}},"4":{"name":"withdraw","line":88,"loc":{"start":{"line":88,"column":4},"end":{"line":107,"column":4}}},"5":{"name":"lock","line":113,"loc":{"start":{"line":113,"column":4},"end":{"line":123,"column":4}}},"6":{"name":"unlock","line":129,"loc":{"start":{"line":129,"column":4},"end":{"line":138,"column":4}}},"7":{"name":"send","line":148,"loc":{"start":{"line":145,"column":4},"end":{"line":165,"column":4}}},"8":{"name":"shareOf","line":172,"loc":{"start":{"line":172,"column":4},"end":{"line":177,"column":4}}},"9":{"name":"availableBalance","line":183,"loc":{"start":{"line":183,"column":4},"end":{"line":185,"column":4}}},"10":{"name":"totalBalance","line":191,"loc":{"start":{"line":191,"column":4},"end":{"line":193,"column":4}}},"11":{"name":"_beforeTokenTransfer","line":195,"loc":{"start":{"line":195,"column":4},"end":{"line":206,"column":4}}},"12":{"name":"divCeil","line":208,"loc":{"start":{"line":208,"column":4},"end":{"line":214,"column":4}}}},"statementMap":{"1":{"start":{"line":49,"column":8},"end":{"line":49,"column":62}},"2":{"start":{"line":50,"column":8},"end":{"line":50,"column":27}},"3":{"start":{"line":57,"column":8},"end":{"line":57,"column":57}},"4":{"start":{"line":68,"column":8},"end":{"line":68,"column":57}},"5":{"start":{"line":69,"column":8},"end":{"line":69,"column":35}},"6":{"start":{"line":70,"column":8},"end":{"line":70,"column":37}},"7":{"start":{"line":71,"column":8},"end":{"line":71,"column":2627}},"8":{"start":{"line":72,"column":12},"end":{"line":72,"column":67}},"9":{"start":{"line":74,"column":12},"end":{"line":74,"column":45}},"10":{"start":{"line":76,"column":8},"end":{"line":76,"column":64}},"11":{"start":{"line":77,"column":8},"end":{"line":77,"column":53}},"12":{"start":{"line":79,"column":8},"end":{"line":79,"column":30}},"13":{"start":{"line":80,"column":8},"end":{"line":80,"column":49}},"14":{"start":{"line":89,"column":8},"end":{"line":89,"column":3243}},"15":{"start":{"line":93,"column":8},"end":{"line":93,"column":3398}},"16":{"start":{"line":98,"column":8},"end":{"line":98,"column":64}},"17":{"start":{"line":100,"column":8},"end":{"line":100,"column":64}},"18":{"start":{"line":101,"column":8},"end":{"line":101,"column":74}},"19":{"start":{"line":102,"column":8},"end":{"line":102,"column":53}},"20":{"start":{"line":104,"column":8},"end":{"line":104,"column":30}},"21":{"start":{"line":105,"column":8},"end":{"line":105,"column":47}},"22":{"start":{"line":106,"column":8},"end":{"line":106,"column":34}},"23":{"start":{"line":114,"column":8},"end":{"line":114,"column":56}},"24":{"start":{"line":115,"column":8},"end":{"line":115,"column":4239}},"25":{"start":{"line":120,"column":8},"end":{"line":120,"column":69}},"26":{"start":{"line":121,"column":8},"end":{"line":121,"column":51}},"27":{"start":{"line":122,"column":8},"end":{"line":122,"column":46}},"28":{"start":{"line":130,"column":8},"end":{"line":130,"column":56}},"29":{"start":{"line":131,"column":8},"end":{"line":131,"column":78}},"30":{"start":{"line":132,"column":8},"end":{"line":132,"column":24}},"31":{"start":{"line":134,"column":8},"end":{"line":134,"column":52}},"32":{"start":{"line":135,"column":8},"end":{"line":135,"column":49}},"33":{"start":{"line":137,"column":8},"end":{"line":137,"column":35}},"34":{"start":{"line":150,"column":8},"end":{"line":150,"column":56}},"35":{"start":{"line":151,"column":8},"end":{"line":151,"column":78}},"36":{"start":{"line":152,"column":8},"end":{"line":152,"column":32}},"37":{"start":{"line":154,"column":8},"end":{"line":154,"column":24}},"38":{"start":{"line":155,"column":8},"end":{"line":155,"column":52}},"39":{"start":{"line":156,"column":8},"end":{"line":156,"column":49}},"40":{"start":{"line":158,"column":8},"end":{"line":158,"column":69}},"41":{"start":{"line":159,"column":8},"end":{"line":159,"column":34}},"42":{"start":{"line":161,"column":8},"end":{"line":161,"column":5878}},"43":{"start":{"line":162,"column":12},"end":{"line":162,"column":56}},"44":{"start":{"line":164,"column":12},"end":{"line":164,"column":54}},"45":{"start":{"line":173,"column":8},"end":{"line":173,"column":6240}},"46":{"start":{"line":174,"column":12},"end":{"line":174,"column":76}},"47":{"start":{"line":176,"column":12},"end":{"line":176,"column":20}},"48":{"start":{"line":184,"column":8},"end":{"line":184,"column":47}},"49":{"start":{"line":192,"column":8},"end":{"line":192,"column":55}},"50":{"start":{"line":196,"column":8},"end":{"line":196,"column":6977}},"51":{"start":{"line":200,"column":12},"end":{"line":200,"column":7154}},"52":{"start":{"line":204,"column":12},"end":{"line":204,"column":64}},"53":{"start":{"line":209,"column":8},"end":{"line":209,"column":21}},"54":{"start":{"line":210,"column":8},"end":{"line":210,"column":25}},"55":{"start":{"line":211,"column":8},"end":{"line":211,"column":7522}},"56":{"start":{"line":212,"column":12},"end":{"line":212,"column":20}},"57":{"start":{"line":213,"column":8},"end":{"line":213,"column":16}}},"branchMap":{"1":{"line":49,"type":"if","locations":[{"start":{"line":49,"column":8},"end":{"line":49,"column":8}},{"start":{"line":49,"column":8},"end":{"line":49,"column":8}}]},"2":{"line":71,"type":"if","locations":[{"start":{"line":71,"column":8},"end":{"line":71,"column":8}},{"start":{"line":71,"column":8},"end":{"line":71,"column":8}}]},"3":{"line":76,"type":"if","locations":[{"start":{"line":76,"column":8},"end":{"line":76,"column":8}},{"start":{"line":76,"column":8},"end":{"line":76,"column":8}}]},"4":{"line":77,"type":"if","locations":[{"start":{"line":77,"column":8},"end":{"line":77,"column":8}},{"start":{"line":77,"column":8},"end":{"line":77,"column":8}}]},"5":{"line":89,"type":"if","locations":[{"start":{"line":89,"column":8},"end":{"line":89,"column":8}},{"start":{"line":89,"column":8},"end":{"line":89,"column":8}}]},"6":{"line":93,"type":"if","locations":[{"start":{"line":93,"column":8},"end":{"line":93,"column":8}},{"start":{"line":93,"column":8},"end":{"line":93,"column":8}}]},"7":{"line":100,"type":"if","locations":[{"start":{"line":100,"column":8},"end":{"line":100,"column":8}},{"start":{"line":100,"column":8},"end":{"line":100,"column":8}}]},"8":{"line":101,"type":"if","locations":[{"start":{"line":101,"column":8},"end":{"line":101,"column":8}},{"start":{"line":101,"column":8},"end":{"line":101,"column":8}}]},"9":{"line":102,"type":"if","locations":[{"start":{"line":102,"column":8},"end":{"line":102,"column":8}},{"start":{"line":102,"column":8},"end":{"line":102,"column":8}}]},"10":{"line":114,"type":"if","locations":[{"start":{"line":114,"column":8},"end":{"line":114,"column":8}},{"start":{"line":114,"column":8},"end":{"line":114,"column":8}}]},"11":{"line":115,"type":"if","locations":[{"start":{"line":115,"column":8},"end":{"line":115,"column":8}},{"start":{"line":115,"column":8},"end":{"line":115,"column":8}}]},"12":{"line":131,"type":"if","locations":[{"start":{"line":131,"column":8},"end":{"line":131,"column":8}},{"start":{"line":131,"column":8},"end":{"line":131,"column":8}}]},"13":{"line":151,"type":"if","locations":[{"start":{"line":151,"column":8},"end":{"line":151,"column":8}},{"start":{"line":151,"column":8},"end":{"line":151,"column":8}}]},"14":{"line":152,"type":"if","locations":[{"start":{"line":152,"column":8},"end":{"line":152,"column":8}},{"start":{"line":152,"column":8},"end":{"line":152,"column":8}}]},"15":{"line":161,"type":"if","locations":[{"start":{"line":161,"column":8},"end":{"line":161,"column":8}},{"start":{"line":161,"column":8},"end":{"line":161,"column":8}}]},"16":{"line":173,"type":"if","locations":[{"start":{"line":173,"column":8},"end":{"line":173,"column":8}},{"start":{"line":173,"column":8},"end":{"line":173,"column":8}}]},"17":{"line":196,"type":"if","locations":[{"start":{"line":196,"column":8},"end":{"line":196,"column":8}},{"start":{"line":196,"column":8},"end":{"line":196,"column":8}}]},"18":{"line":200,"type":"if","locations":[{"start":{"line":200,"column":12},"end":{"line":200,"column":12}},{"start":{"line":200,"column":12},"end":{"line":200,"column":12}}]},"19":{"line":209,"type":"if","locations":[{"start":{"line":209,"column":8},"end":{"line":209,"column":8}},{"start":{"line":209,"column":8},"end":{"line":209,"column":8}}]},"20":{"line":211,"type":"if","locations":[{"start":{"line":211,"column":8},"end":{"line":211,"column":8}},{"start":{"line":211,"column":8},"end":{"line":211,"column":8}}]}}},"contracts/Pool/HegicWBTCPool.sol":{"l":{"50":3,"58":0,"59":0,"67":94,"69":94,"74":94,"75":94,"76":94,"77":94,"85":10,"86":10,"87":10,"89":10,"90":10,"92":10,"110":37,"111":37,"112":37,"114":37,"115":37,"116":37,"118":37,"119":37,"121":37,"122":14,"124":23,"136":6,"137":6,"138":6,"139":6,"140":2,"142":4,"144":6,"145":6,"146":6,"147":6,"149":6,"162":5,"166":5,"171":5,"173":5,"174":1,"175":1,"177":1,"178":1,"179":1,"188":29,"189":29,"190":29,"192":0,"200":7,"208":151,"212":7,"216":0,"220":0,"225":5,"226":5,"227":5,"228":5,"229":5},"path":"/home/nico/Desktop/Hegic/contracts-v888-master/contracts/Pool/HegicWBTCPool.sol","s":{"1":3,"2":0,"3":0,"4":94,"5":94,"6":94,"7":94,"8":94,"9":94,"10":10,"11":10,"12":10,"13":10,"14":10,"15":10,"16":37,"17":37,"18":37,"19":37,"20":37,"21":37,"22":37,"23":37,"24":37,"25":14,"26":23,"27":6,"28":6,"29":6,"30":6,"31":2,"32":4,"33":6,"34":6,"35":6,"36":6,"37":6,"38":5,"39":5,"40":5,"41":5,"42":1,"43":1,"44":1,"45":1,"46":1,"47":29,"48":29,"49":29,"50":0,"51":7,"52":151,"53":7,"54":0,"55":0,"56":5,"57":5,"58":5,"59":5,"60":5},"b":{"1":[0,0],"2":[94,0],"3":[94,0],"4":[10,0],"5":[37,0],"6":[37,0],"7":[14,23],"8":[2,4],"9":[6,0],"10":[6,0],"11":[6,0],"12":[5,0],"13":[5,0],"14":[1,4],"15":[1,0],"16":[1,0],"17":[1,0],"18":[29,0],"19":[0,7],"20":[0,0],"21":[5,0],"22":[5,0]},"f":{"1":3,"2":0,"3":94,"4":10,"5":37,"6":6,"7":5,"8":29,"9":7,"10":151,"11":7,"12":5},"fnMap":{"1":{"name":"constructor","line":49,"loc":{"start":{"line":49,"column":4},"end":{"line":51,"column":4}}},"2":{"name":"setLockupPeriod","line":57,"loc":{"start":{"line":57,"column":4},"end":{"line":60,"column":4}}},"3":{"name":"lock","line":66,"loc":{"start":{"line":66,"column":4},"end":{"line":78,"column":4}}},"4":{"name":"unlock","line":84,"loc":{"start":{"line":84,"column":4},"end":{"line":93,"column":4}}},"5":{"name":"send","line":108,"loc":{"start":{"line":105,"column":4},"end":{"line":125,"column":4}}},"6":{"name":"provide","line":135,"loc":{"start":{"line":135,"column":4},"end":{"line":153,"column":4}}},"7":{"name":"withdraw","line":161,"loc":{"start":{"line":161,"column":4},"end":{"line":180,"column":4}}},"8":{"name":"shareOf","line":187,"loc":{"start":{"line":187,"column":4},"end":{"line":193,"column":4}}},"9":{"name":"availableBalance","line":199,"loc":{"start":{"line":199,"column":4},"end":{"line":201,"column":4}}},"10":{"name":"totalBalance","line":207,"loc":{"start":{"line":207,"column":4},"end":{"line":209,"column":4}}},"11":{"name":"_beforeTokenTransfer","line":211,"loc":{"start":{"line":211,"column":4},"end":{"line":222,"column":4}}},"12":{"name":"divCeil","line":224,"loc":{"start":{"line":224,"column":4},"end":{"line":230,"column":4}}}},"statementMap":{"1":{"start":{"line":50,"column":8},"end":{"line":50,"column":21}},"2":{"start":{"line":58,"column":8},"end":{"line":58,"column":62}},"3":{"start":{"line":59,"column":8},"end":{"line":59,"column":27}},"4":{"start":{"line":67,"column":8},"end":{"line":67,"column":56}},"5":{"start":{"line":69,"column":8},"end":{"line":69,"column":2210}},"6":{"start":{"line":74,"column":8},"end":{"line":74,"column":67}},"7":{"start":{"line":75,"column":8},"end":{"line":75,"column":49}},"8":{"start":{"line":76,"column":8},"end":{"line":76,"column":46}},"9":{"start":{"line":77,"column":8},"end":{"line":77,"column":65}},"10":{"start":{"line":85,"column":8},"end":{"line":85,"column":56}},"11":{"start":{"line":86,"column":8},"end":{"line":86,"column":78}},"12":{"start":{"line":87,"column":8},"end":{"line":87,"column":24}},"13":{"start":{"line":89,"column":8},"end":{"line":89,"column":52}},"14":{"start":{"line":90,"column":8},"end":{"line":90,"column":49}},"15":{"start":{"line":92,"column":8},"end":{"line":92,"column":35}},"16":{"start":{"line":110,"column":8},"end":{"line":110,"column":56}},"17":{"start":{"line":111,"column":8},"end":{"line":111,"column":78}},"18":{"start":{"line":112,"column":8},"end":{"line":112,"column":32}},"19":{"start":{"line":114,"column":8},"end":{"line":114,"column":24}},"20":{"start":{"line":115,"column":8},"end":{"line":115,"column":52}},"21":{"start":{"line":116,"column":8},"end":{"line":116,"column":49}},"22":{"start":{"line":118,"column":8},"end":{"line":118,"column":69}},"23":{"start":{"line":119,"column":8},"end":{"line":119,"column":45}},"24":{"start":{"line":121,"column":8},"end":{"line":121,"column":4122}},"25":{"start":{"line":122,"column":12},"end":{"line":122,"column":56}},"26":{"start":{"line":124,"column":12},"end":{"line":124,"column":54}},"27":{"start":{"line":136,"column":8},"end":{"line":136,"column":57}},"28":{"start":{"line":137,"column":8},"end":{"line":137,"column":35}},"29":{"start":{"line":138,"column":8},"end":{"line":138,"column":37}},"30":{"start":{"line":139,"column":8},"end":{"line":139,"column":5019}},"31":{"start":{"line":140,"column":12},"end":{"line":140,"column":49}},"32":{"start":{"line":142,"column":12},"end":{"line":142,"column":42}},"33":{"start":{"line":144,"column":8},"end":{"line":144,"column":64}},"34":{"start":{"line":145,"column":8},"end":{"line":145,"column":53}},"35":{"start":{"line":146,"column":8},"end":{"line":146,"column":30}},"36":{"start":{"line":147,"column":8},"end":{"line":147,"column":46}},"37":{"start":{"line":149,"column":8},"end":{"line":149,"column":5339}},"38":{"start":{"line":162,"column":8},"end":{"line":162,"column":5873}},"39":{"start":{"line":166,"column":8},"end":{"line":166,"column":6028}},"40":{"start":{"line":171,"column":8},"end":{"line":171,"column":64}},"41":{"start":{"line":173,"column":8},"end":{"line":173,"column":64}},"42":{"start":{"line":174,"column":8},"end":{"line":174,"column":74}},"43":{"start":{"line":175,"column":8},"end":{"line":175,"column":53}},"44":{"start":{"line":177,"column":8},"end":{"line":177,"column":30}},"45":{"start":{"line":178,"column":8},"end":{"line":178,"column":47}},"46":{"start":{"line":179,"column":8},"end":{"line":179,"column":72}},"47":{"start":{"line":188,"column":8},"end":{"line":188,"column":35}},"48":{"start":{"line":189,"column":8},"end":{"line":189,"column":6928}},"49":{"start":{"line":190,"column":12},"end":{"line":190,"column":66}},"50":{"start":{"line":192,"column":12},"end":{"line":192,"column":20}},"51":{"start":{"line":200,"column":8},"end":{"line":200,"column":47}},"52":{"start":{"line":208,"column":8},"end":{"line":208,"column":64}},"53":{"start":{"line":212,"column":8},"end":{"line":212,"column":7656}},"54":{"start":{"line":216,"column":12},"end":{"line":216,"column":7833}},"55":{"start":{"line":220,"column":12},"end":{"line":220,"column":64}},"56":{"start":{"line":225,"column":8},"end":{"line":225,"column":21}},"57":{"start":{"line":226,"column":8},"end":{"line":226,"column":25}},"58":{"start":{"line":227,"column":8},"end":{"line":227,"column":8201}},"59":{"start":{"line":228,"column":12},"end":{"line":228,"column":20}},"60":{"start":{"line":229,"column":8},"end":{"line":229,"column":16}}},"branchMap":{"1":{"line":58,"type":"if","locations":[{"start":{"line":58,"column":8},"end":{"line":58,"column":8}},{"start":{"line":58,"column":8},"end":{"line":58,"column":8}}]},"2":{"line":67,"type":"if","locations":[{"start":{"line":67,"column":8},"end":{"line":67,"column":8}},{"start":{"line":67,"column":8},"end":{"line":67,"column":8}}]},"3":{"line":69,"type":"if","locations":[{"start":{"line":69,"column":8},"end":{"line":69,"column":8}},{"start":{"line":69,"column":8},"end":{"line":69,"column":8}}]},"4":{"line":86,"type":"if","locations":[{"start":{"line":86,"column":8},"end":{"line":86,"column":8}},{"start":{"line":86,"column":8},"end":{"line":86,"column":8}}]},"5":{"line":111,"type":"if","locations":[{"start":{"line":111,"column":8},"end":{"line":111,"column":8}},{"start":{"line":111,"column":8},"end":{"line":111,"column":8}}]},"6":{"line":112,"type":"if","locations":[{"start":{"line":112,"column":8},"end":{"line":112,"column":8}},{"start":{"line":112,"column":8},"end":{"line":112,"column":8}}]},"7":{"line":121,"type":"if","locations":[{"start":{"line":121,"column":8},"end":{"line":121,"column":8}},{"start":{"line":121,"column":8},"end":{"line":121,"column":8}}]},"8":{"line":139,"type":"if","locations":[{"start":{"line":139,"column":8},"end":{"line":139,"column":8}},{"start":{"line":139,"column":8},"end":{"line":139,"column":8}}]},"9":{"line":144,"type":"if","locations":[{"start":{"line":144,"column":8},"end":{"line":144,"column":8}},{"start":{"line":144,"column":8},"end":{"line":144,"column":8}}]},"10":{"line":145,"type":"if","locations":[{"start":{"line":145,"column":8},"end":{"line":145,"column":8}},{"start":{"line":145,"column":8},"end":{"line":145,"column":8}}]},"11":{"line":149,"type":"if","locations":[{"start":{"line":149,"column":8},"end":{"line":149,"column":8}},{"start":{"line":149,"column":8},"end":{"line":149,"column":8}}]},"12":{"line":162,"type":"if","locations":[{"start":{"line":162,"column":8},"end":{"line":162,"column":8}},{"start":{"line":162,"column":8},"end":{"line":162,"column":8}}]},"13":{"line":166,"type":"if","locations":[{"start":{"line":166,"column":8},"end":{"line":166,"column":8}},{"start":{"line":166,"column":8},"end":{"line":166,"column":8}}]},"14":{"line":173,"type":"if","locations":[{"start":{"line":173,"column":8},"end":{"line":173,"column":8}},{"start":{"line":173,"column":8},"end":{"line":173,"column":8}}]},"15":{"line":174,"type":"if","locations":[{"start":{"line":174,"column":8},"end":{"line":174,"column":8}},{"start":{"line":174,"column":8},"end":{"line":174,"column":8}}]},"16":{"line":175,"type":"if","locations":[{"start":{"line":175,"column":8},"end":{"line":175,"column":8}},{"start":{"line":175,"column":8},"end":{"line":175,"column":8}}]},"17":{"line":179,"type":"if","locations":[{"start":{"line":179,"column":8},"end":{"line":179,"column":8}},{"start":{"line":179,"column":8},"end":{"line":179,"column":8}}]},"18":{"line":189,"type":"if","locations":[{"start":{"line":189,"column":8},"end":{"line":189,"column":8}},{"start":{"line":189,"column":8},"end":{"line":189,"column":8}}]},"19":{"line":212,"type":"if","locations":[{"start":{"line":212,"column":8},"end":{"line":212,"column":8}},{"start":{"line":212,"column":8},"end":{"line":212,"column":8}}]},"20":{"line":216,"type":"if","locations":[{"start":{"line":216,"column":12},"end":{"line":216,"column":12}},{"start":{"line":216,"column":12},"end":{"line":216,"column":12}}]},"21":{"line":225,"type":"if","locations":[{"start":{"line":225,"column":8},"end":{"line":225,"column":8}},{"start":{"line":225,"column":8},"end":{"line":225,"column":8}}]},"22":{"line":227,"type":"if","locations":[{"start":{"line":227,"column":8},"end":{"line":227,"column":8}},{"start":{"line":227,"column":8},"end":{"line":227,"column":8}}]}}},"contracts/Rewards/HegicETHRewards.sol":{"l":{},"path":"/home/nico/Desktop/Hegic/contracts-v888-master/contracts/Rewards/HegicETHRewards.sol","s":{},"b":{},"f":{"1":3},"fnMap":{"1":{"name":"constructor","line":34,"loc":{"start":{"line":26,"column":4},"end":{"line":34,"column":7}}}},"statementMap":{},"branchMap":{}},"contracts/Rewards/HegicRewards.sol":{"l":{"46":6,"47":6,"48":6,"49":6,"50":6,"54":2,"55":2,"56":2,"58":2,"60":2,"61":2,"62":2,"66":2,"67":2,"71":21,"72":15,"76":2,"77":2},"path":"/home/nico/Desktop/Hegic/contracts-v888-master/contracts/Rewards/HegicRewards.sol","s":{"1":6,"2":6,"3":6,"4":6,"5":6,"6":2,"7":2,"8":2,"9":2,"10":2,"11":2,"12":2,"13":2,"14":2,"15":21,"16":15,"17":2,"18":2},"b":{"1":[2,0],"2":[2,0],"3":[2,0],"4":[15,6]},"f":{"1":6,"2":2,"3":21,"4":2},"fnMap":{"1":{"name":"constructor","line":40,"loc":{"start":{"line":40,"column":4},"end":{"line":51,"column":4}}},"2":{"name":"getReward","line":53,"loc":{"start":{"line":53,"column":4},"end":{"line":68,"column":4}}},"3":{"name":"setRewardsRate","line":70,"loc":{"start":{"line":70,"column":4},"end":{"line":73,"column":4}}},"4":{"name":"rewardAmount","line":75,"loc":{"start":{"line":75,"column":4},"end":{"line":80,"column":4}}}},"statementMap":{"1":{"start":{"line":46,"column":8},"end":{"line":46,"column":35}},"2":{"start":{"line":47,"column":8},"end":{"line":47,"column":21}},"3":{"start":{"line":48,"column":8},"end":{"line":48,"column":40}},"4":{"start":{"line":49,"column":8},"end":{"line":49,"column":40}},"5":{"start":{"line":50,"column":8},"end":{"line":50,"column":35}},"6":{"start":{"line":54,"column":8},"end":{"line":54,"column":44}},"7":{"start":{"line":55,"column":8},"end":{"line":55,"column":45}},"8":{"start":{"line":56,"column":8},"end":{"line":56,"column":58}},"9":{"start":{"line":58,"column":8},"end":{"line":58,"column":1933}},"10":{"start":{"line":60,"column":8},"end":{"line":60,"column":79}},"11":{"start":{"line":61,"column":8},"end":{"line":61,"column":69}},"12":{"start":{"line":62,"column":8},"end":{"line":62,"column":2163}},"13":{"start":{"line":66,"column":8},"end":{"line":66,"column":39}},"14":{"start":{"line":67,"column":8},"end":{"line":67,"column":41}},"15":{"start":{"line":71,"column":8},"end":{"line":71,"column":70}},"16":{"start":{"line":72,"column":8},"end":{"line":72,"column":26}},"17":{"start":{"line":76,"column":8},"end":{"line":76,"column":82}},"18":{"start":{"line":77,"column":8},"end":{"line":77,"column":2726}}},"branchMap":{"1":{"line":60,"type":"if","locations":[{"start":{"line":60,"column":8},"end":{"line":60,"column":8}},{"start":{"line":60,"column":8},"end":{"line":60,"column":8}}]},"2":{"line":61,"type":"if","locations":[{"start":{"line":61,"column":8},"end":{"line":61,"column":8}},{"start":{"line":61,"column":8},"end":{"line":61,"column":8}}]},"3":{"line":62,"type":"if","locations":[{"start":{"line":62,"column":8},"end":{"line":62,"column":8}},{"start":{"line":62,"column":8},"end":{"line":62,"column":8}}]},"4":{"line":71,"type":"if","locations":[{"start":{"line":71,"column":8},"end":{"line":71,"column":8}},{"start":{"line":71,"column":8},"end":{"line":71,"column":8}}]}}},"contracts/Rewards/HegicWBTCRewards.sol":{"l":{},"path":"/home/nico/Desktop/Hegic/contracts-v888-master/contracts/Rewards/HegicWBTCRewards.sol","s":{},"b":{},"f":{"1":3},"fnMap":{"1":{"name":"constructor","line":34,"loc":{"start":{"line":26,"column":4},"end":{"line":34,"column":7}}}},"statementMap":{},"branchMap":{}},"contracts/Rewards/Synthetix/StakingRewards.sol":{"l":{"23":6,"24":6,"25":6,"29":0,"30":0,"34":0,"35":0,"36":0,"37":0,"41":0,"42":0,"46":0,"63":6,"73":0,"74":0,"78":0,"81":0,"82":0,"86":0,"92":0,"93":0,"106":2,"107":2,"111":0,"170":6,"171":6,"172":6,"178":0,"182":0,"186":2,"190":2,"191":2,"193":0,"200":0,"204":0,"210":0,"211":0,"212":0,"213":0,"214":0,"218":0,"219":0,"220":0,"221":0,"222":0,"226":0,"227":0,"228":0,"229":0,"230":0,"235":0,"236":0,"242":2,"243":2,"245":0,"246":0,"247":0,"254":2,"255":2,"257":2,"258":2,"259":2,"265":0,"267":0,"271":0,"272":0,"276":0,"280":0,"281":0,"287":2,"288":2,"289":2,"290":0,"291":0,"293":2},"path":"/home/nico/Desktop/Hegic/contracts-v888-master/contracts/Rewards/Synthetix/StakingRewards.sol","s":{"1":6,"2":6,"3":6,"4":0,"5":0,"6":0,"7":0,"8":0,"9":0,"10":0,"11":0,"12":6,"13":0,"14":0,"15":0,"16":0,"17":0,"18":0,"19":0,"20":2,"21":0,"22":6,"23":6,"24":6,"25":0,"26":0,"27":2,"28":2,"29":2,"30":0,"31":0,"32":0,"33":0,"34":0,"35":0,"36":0,"37":0,"38":0,"39":0,"40":0,"41":0,"42":0,"43":0,"44":0,"45":0,"46":0,"47":0,"48":0,"49":0,"50":2,"51":2,"52":0,"53":0,"54":0,"55":2,"56":2,"57":2,"58":2,"59":2,"60":0,"61":0,"62":0,"63":0,"64":0,"65":0,"66":0,"67":2,"68":2,"69":2,"70":0,"71":0},"b":{"1":[6,0],"2":[0,0],"3":[0,0],"4":[6,0],"5":[0,0],"6":[0,0],"7":[0,0],"8":[2,0],"9":[2,0],"10":[0,0],"11":[0,0],"12":[0,0],"13":[2,0],"14":[2,0],"15":[0,0],"16":[0,0],"17":[0,2]},"f":{"1":6,"2":0,"3":0,"4":0,"5":0,"6":6,"7":0,"8":0,"9":2,"10":0,"11":6,"12":0,"13":0,"14":2,"15":2,"16":0,"17":0,"18":0,"19":0,"20":0,"21":0,"22":2,"23":0,"24":0,"25":2},"fnMap":{"1":{"name":"constructor","line":22,"loc":{"start":{"line":22,"column":4},"end":{"line":26,"column":4}}},"2":{"name":"nominateNewOwner","line":28,"loc":{"start":{"line":28,"column":4},"end":{"line":31,"column":4}}},"3":{"name":"acceptOwnership","line":33,"loc":{"start":{"line":33,"column":4},"end":{"line":38,"column":4}}},"4":{"name":"onlyOwner","line":40,"loc":{"start":{"line":40,"column":4},"end":{"line":43,"column":4}}},"5":{"name":"_onlyOwner","line":45,"loc":{"start":{"line":45,"column":4},"end":{"line":47,"column":4}}},"6":{"name":"constructor","line":61,"loc":{"start":{"line":61,"column":4},"end":{"line":65,"column":4}}},"7":{"name":"setPaused","line":71,"loc":{"start":{"line":71,"column":4},"end":{"line":87,"column":4}}},"8":{"name":"notPaused","line":91,"loc":{"start":{"line":91,"column":4},"end":{"line":94,"column":4}}},"9":{"name":"onlyRewardsDistribution","line":105,"loc":{"start":{"line":105,"column":4},"end":{"line":108,"column":4}}},"10":{"name":"setRewardsDistribution","line":110,"loc":{"start":{"line":110,"column":4},"end":{"line":112,"column":4}}},"11":{"name":"constructor","line":169,"loc":{"start":{"line":164,"column":4},"end":{"line":173,"column":4}}},"12":{"name":"totalSupply","line":177,"loc":{"start":{"line":177,"column":4},"end":{"line":179,"column":4}}},"13":{"name":"balanceOf","line":181,"loc":{"start":{"line":181,"column":4},"end":{"line":183,"column":4}}},"14":{"name":"lastTimeRewardApplicable","line":185,"loc":{"start":{"line":185,"column":4},"end":{"line":187,"column":4}}},"15":{"name":"rewardPerToken","line":189,"loc":{"start":{"line":189,"column":4},"end":{"line":197,"column":4}}},"16":{"name":"earned","line":199,"loc":{"start":{"line":199,"column":4},"end":{"line":201,"column":4}}},"17":{"name":"getRewardForDuration","line":203,"loc":{"start":{"line":203,"column":4},"end":{"line":205,"column":4}}},"18":{"name":"stake","line":209,"loc":{"start":{"line":209,"column":4},"end":{"line":215,"column":4}}},"19":{"name":"withdraw","line":217,"loc":{"start":{"line":217,"column":4},"end":{"line":223,"column":4}}},"20":{"name":"getReward","line":225,"loc":{"start":{"line":225,"column":4},"end":{"line":232,"column":4}}},"21":{"name":"exit","line":234,"loc":{"start":{"line":234,"column":4},"end":{"line":237,"column":4}}},"22":{"name":"notifyRewardAmount","line":241,"loc":{"start":{"line":241,"column":4},"end":{"line":260,"column":4}}},"23":{"name":"recoverERC20","line":263,"loc":{"start":{"line":263,"column":4},"end":{"line":273,"column":4}}},"24":{"name":"setRewardsDuration","line":275,"loc":{"start":{"line":275,"column":4},"end":{"line":282,"column":4}}},"25":{"name":"updateReward","line":286,"loc":{"start":{"line":286,"column":4},"end":{"line":294,"column":4}}}},"statementMap":{"1":{"start":{"line":23,"column":8},"end":{"line":23,"column":65}},"2":{"start":{"line":24,"column":8},"end":{"line":24,"column":21}},"3":{"start":{"line":25,"column":8},"end":{"line":25,"column":45}},"4":{"start":{"line":29,"column":8},"end":{"line":29,"column":30}},"5":{"start":{"line":30,"column":8},"end":{"line":30,"column":35}},"6":{"start":{"line":34,"column":8},"end":{"line":34,"column":101}},"7":{"start":{"line":35,"column":8},"end":{"line":35,"column":48}},"8":{"start":{"line":36,"column":8},"end":{"line":36,"column":29}},"9":{"start":{"line":37,"column":8},"end":{"line":37,"column":34}},"10":{"start":{"line":41,"column":8},"end":{"line":41,"column":19}},"11":{"start":{"line":46,"column":8},"end":{"line":46,"column":86}},"12":{"start":{"line":63,"column":8},"end":{"line":63,"column":56}},"13":{"start":{"line":73,"column":8},"end":{"line":73,"column":2174}},"14":{"start":{"line":74,"column":12},"end":{"line":74,"column":18}},"15":{"start":{"line":78,"column":8},"end":{"line":78,"column":23}},"16":{"start":{"line":81,"column":8},"end":{"line":81,"column":2349}},"17":{"start":{"line":82,"column":12},"end":{"line":82,"column":30}},"18":{"start":{"line":86,"column":8},"end":{"line":86,"column":33}},"19":{"start":{"line":92,"column":8},"end":{"line":92,"column":87}},"20":{"start":{"line":106,"column":8},"end":{"line":106,"column":95}},"21":{"start":{"line":111,"column":8},"end":{"line":111,"column":49}},"22":{"start":{"line":170,"column":8},"end":{"line":170,"column":43}},"23":{"start":{"line":171,"column":8},"end":{"line":171,"column":43}},"24":{"start":{"line":172,"column":8},"end":{"line":172,"column":49}},"25":{"start":{"line":178,"column":8},"end":{"line":178,"column":27}},"26":{"start":{"line":182,"column":8},"end":{"line":182,"column":33}},"27":{"start":{"line":186,"column":8},"end":{"line":186,"column":54}},"28":{"start":{"line":190,"column":8},"end":{"line":190,"column":5395}},"29":{"start":{"line":191,"column":12},"end":{"line":191,"column":39}},"30":{"start":{"line":193,"column":8},"end":{"line":193,"column":5484}},"31":{"start":{"line":200,"column":8},"end":{"line":200,"column":124}},"32":{"start":{"line":204,"column":8},"end":{"line":204,"column":46}},"33":{"start":{"line":210,"column":8},"end":{"line":210,"column":44}},"34":{"start":{"line":211,"column":8},"end":{"line":211,"column":46}},"35":{"start":{"line":212,"column":8},"end":{"line":212,"column":64}},"36":{"start":{"line":213,"column":8},"end":{"line":213,"column":71}},"37":{"start":{"line":214,"column":8},"end":{"line":214,"column":39}},"38":{"start":{"line":218,"column":8},"end":{"line":218,"column":47}},"39":{"start":{"line":219,"column":8},"end":{"line":219,"column":46}},"40":{"start":{"line":220,"column":8},"end":{"line":220,"column":64}},"41":{"start":{"line":221,"column":8},"end":{"line":221,"column":52}},"42":{"start":{"line":222,"column":8},"end":{"line":222,"column":42}},"43":{"start":{"line":226,"column":8},"end":{"line":226,"column":44}},"44":{"start":{"line":227,"column":8},"end":{"line":227,"column":6939}},"45":{"start":{"line":228,"column":12},"end":{"line":228,"column":34}},"46":{"start":{"line":229,"column":12},"end":{"line":229,"column":56}},"47":{"start":{"line":230,"column":12},"end":{"line":230,"column":47}},"48":{"start":{"line":235,"column":8},"end":{"line":235,"column":38}},"49":{"start":{"line":236,"column":8},"end":{"line":236,"column":18}},"50":{"start":{"line":242,"column":8},"end":{"line":242,"column":7407}},"51":{"start":{"line":243,"column":12},"end":{"line":243,"column":51}},"52":{"start":{"line":245,"column":12},"end":{"line":245,"column":65}},"53":{"start":{"line":246,"column":12},"end":{"line":246,"column":56}},"54":{"start":{"line":247,"column":12},"end":{"line":247,"column":65}},"55":{"start":{"line":254,"column":8},"end":{"line":254,"column":60}},"56":{"start":{"line":255,"column":8},"end":{"line":255,"column":86}},"57":{"start":{"line":257,"column":8},"end":{"line":257,"column":39}},"58":{"start":{"line":258,"column":8},"end":{"line":258,"column":58}},"59":{"start":{"line":259,"column":8},"end":{"line":259,"column":32}},"60":{"start":{"line":265,"column":8},"end":{"line":265,"column":96}},"61":{"start":{"line":267,"column":8},"end":{"line":267,"column":8813}},"62":{"start":{"line":271,"column":8},"end":{"line":271,"column":60}},"63":{"start":{"line":272,"column":8},"end":{"line":272,"column":49}},"64":{"start":{"line":276,"column":8},"end":{"line":276,"column":9203}},"65":{"start":{"line":280,"column":8},"end":{"line":280,"column":41}},"66":{"start":{"line":281,"column":8},"end":{"line":281,"column":52}},"67":{"start":{"line":287,"column":8},"end":{"line":287,"column":46}},"68":{"start":{"line":288,"column":8},"end":{"line":288,"column":50}},"69":{"start":{"line":289,"column":8},"end":{"line":289,"column":9694}},"70":{"start":{"line":290,"column":12},"end":{"line":290,"column":45}},"71":{"start":{"line":291,"column":12},"end":{"line":291,"column":65}}},"branchMap":{"1":{"line":23,"type":"if","locations":[{"start":{"line":23,"column":8},"end":{"line":23,"column":8}},{"start":{"line":23,"column":8},"end":{"line":23,"column":8}}]},"2":{"line":34,"type":"if","locations":[{"start":{"line":34,"column":8},"end":{"line":34,"column":8}},{"start":{"line":34,"column":8},"end":{"line":34,"column":8}}]},"3":{"line":46,"type":"if","locations":[{"start":{"line":46,"column":8},"end":{"line":46,"column":8}},{"start":{"line":46,"column":8},"end":{"line":46,"column":8}}]},"4":{"line":63,"type":"if","locations":[{"start":{"line":63,"column":8},"end":{"line":63,"column":8}},{"start":{"line":63,"column":8},"end":{"line":63,"column":8}}]},"5":{"line":73,"type":"if","locations":[{"start":{"line":73,"column":8},"end":{"line":73,"column":8}},{"start":{"line":73,"column":8},"end":{"line":73,"column":8}}]},"6":{"line":81,"type":"if","locations":[{"start":{"line":81,"column":8},"end":{"line":81,"column":8}},{"start":{"line":81,"column":8},"end":{"line":81,"column":8}}]},"7":{"line":92,"type":"if","locations":[{"start":{"line":92,"column":8},"end":{"line":92,"column":8}},{"start":{"line":92,"column":8},"end":{"line":92,"column":8}}]},"8":{"line":106,"type":"if","locations":[{"start":{"line":106,"column":8},"end":{"line":106,"column":8}},{"start":{"line":106,"column":8},"end":{"line":106,"column":8}}]},"9":{"line":190,"type":"if","locations":[{"start":{"line":190,"column":8},"end":{"line":190,"column":8}},{"start":{"line":190,"column":8},"end":{"line":190,"column":8}}]},"10":{"line":210,"type":"if","locations":[{"start":{"line":210,"column":8},"end":{"line":210,"column":8}},{"start":{"line":210,"column":8},"end":{"line":210,"column":8}}]},"11":{"line":218,"type":"if","locations":[{"start":{"line":218,"column":8},"end":{"line":218,"column":8}},{"start":{"line":218,"column":8},"end":{"line":218,"column":8}}]},"12":{"line":227,"type":"if","locations":[{"start":{"line":227,"column":8},"end":{"line":227,"column":8}},{"start":{"line":227,"column":8},"end":{"line":227,"column":8}}]},"13":{"line":242,"type":"if","locations":[{"start":{"line":242,"column":8},"end":{"line":242,"column":8}},{"start":{"line":242,"column":8},"end":{"line":242,"column":8}}]},"14":{"line":255,"type":"if","locations":[{"start":{"line":255,"column":8},"end":{"line":255,"column":8}},{"start":{"line":255,"column":8},"end":{"line":255,"column":8}}]},"15":{"line":267,"type":"if","locations":[{"start":{"line":267,"column":8},"end":{"line":267,"column":8}},{"start":{"line":267,"column":8},"end":{"line":267,"column":8}}]},"16":{"line":276,"type":"if","locations":[{"start":{"line":276,"column":8},"end":{"line":276,"column":8}},{"start":{"line":276,"column":8},"end":{"line":276,"column":8}}]},"17":{"line":289,"type":"if","locations":[{"start":{"line":289,"column":8},"end":{"line":289,"column":8}},{"start":{"line":289,"column":8},"end":{"line":289,"column":8}}]}}},"contracts/Staking/HegicStaking.sol":{"l":{"50":6,"51":6,"52":6,"56":8,"57":8,"58":4,"59":4,"60":4,"64":12,"65":12,"66":12,"67":8,"68":8,"72":6,"73":6,"80":0,"84":26,"88":52,"92":26,"93":26,"94":26,"95":26,"99":16,"100":16,"101":16,"105":2,"109":2,"116":6,"120":6},"path":"/home/nico/Desktop/Hegic/contracts-v888-master/contracts/Staking/HegicStaking.sol","s":{"1":6,"2":6,"3":6,"4":8,"5":8,"6":4,"7":4,"8":4,"9":12,"10":12,"11":12,"12":8,"13":8,"14":6,"15":6,"16":0,"17":26,"18":52,"19":26,"20":26,"21":26,"22":26,"23":16,"24":8,"25":16,"26":10,"27":16,"28":2,"29":2,"30":6},"b":{"1":[4,4],"2":[12,0],"3":[8,4],"4":[8,8],"5":[10,6],"6":[2,14],"7":[2,0],"8":[6,0]},"f":{"1":6,"2":8,"3":12,"4":6,"5":0,"6":26,"7":52,"8":26,"9":16,"10":6},"fnMap":{"1":{"name":"constructor","line":48,"loc":{"start":{"line":46,"column":4},"end":{"line":53,"column":4}}},"2":{"name":"claimProfit","line":55,"loc":{"start":{"line":55,"column":4},"end":{"line":61,"column":4}}},"3":{"name":"buy","line":63,"loc":{"start":{"line":63,"column":4},"end":{"line":69,"column":4}}},"4":{"name":"sell","line":71,"loc":{"start":{"line":71,"column":4},"end":{"line":74,"column":4}}},"5":{"name":"revertTransfersInLockUpPeriod","line":79,"loc":{"start":{"line":79,"column":4},"end":{"line":81,"column":4}}},"6":{"name":"profitOf","line":83,"loc":{"start":{"line":83,"column":4},"end":{"line":85,"column":4}}},"7":{"name":"getUnsaved","line":87,"loc":{"start":{"line":87,"column":4},"end":{"line":89,"column":4}}},"8":{"name":"saveProfit","line":91,"loc":{"start":{"line":91,"column":4},"end":{"line":96,"column":4}}},"9":{"name":"_beforeTokenTransfer","line":98,"loc":{"start":{"line":98,"column":4},"end":{"line":111,"column":4}}},"10":{"name":"lockupFree","line":115,"loc":{"start":{"line":115,"column":4},"end":{"line":121,"column":4}}}},"statementMap":{"1":{"start":{"line":50,"column":8},"end":{"line":50,"column":21}},"2":{"start":{"line":51,"column":8},"end":{"line":51,"column":24}},"3":{"start":{"line":52,"column":8},"end":{"line":52,"column":38}},"4":{"start":{"line":56,"column":8},"end":{"line":56,"column":38}},"5":{"start":{"line":57,"column":8},"end":{"line":57,"column":41}},"6":{"start":{"line":58,"column":8},"end":{"line":58,"column":34}},"7":{"start":{"line":59,"column":8},"end":{"line":59,"column":30}},"8":{"start":{"line":60,"column":8},"end":{"line":60,"column":38}},"9":{"start":{"line":64,"column":8},"end":{"line":64,"column":56}},"10":{"start":{"line":65,"column":8},"end":{"line":65,"column":44}},"11":{"start":{"line":66,"column":8},"end":{"line":66,"column":52}},"12":{"start":{"line":67,"column":8},"end":{"line":67,"column":32}},"13":{"start":{"line":68,"column":8},"end":{"line":68,"column":79}},"14":{"start":{"line":72,"column":8},"end":{"line":72,"column":32}},"15":{"start":{"line":73,"column":8},"end":{"line":73,"column":60}},"16":{"start":{"line":80,"column":8},"end":{"line":80,"column":57}},"17":{"start":{"line":84,"column":8},"end":{"line":84,"column":60}},"18":{"start":{"line":88,"column":8},"end":{"line":88,"column":89}},"19":{"start":{"line":92,"column":8},"end":{"line":92,"column":42}},"20":{"start":{"line":93,"column":8},"end":{"line":93,"column":40}},"21":{"start":{"line":94,"column":8},"end":{"line":94,"column":49}},"22":{"start":{"line":95,"column":8},"end":{"line":95,"column":36}},"23":{"start":{"line":99,"column":8},"end":{"line":99,"column":48}},"24":{"start":{"line":99,"column":32},"end":{"line":99,"column":47}},"25":{"start":{"line":100,"column":8},"end":{"line":100,"column":44}},"26":{"start":{"line":100,"column":30},"end":{"line":100,"column":43}},"27":{"start":{"line":101,"column":8},"end":{"line":101,"column":3540}},"28":{"start":{"line":105,"column":12},"end":{"line":105,"column":3714}},"29":{"start":{"line":109,"column":12},"end":{"line":109,"column":62}},"30":{"start":{"line":116,"column":8},"end":{"line":116,"column":4026}}},"branchMap":{"1":{"line":57,"type":"if","locations":[{"start":{"line":57,"column":8},"end":{"line":57,"column":8}},{"start":{"line":57,"column":8},"end":{"line":57,"column":8}}]},"2":{"line":65,"type":"if","locations":[{"start":{"line":65,"column":8},"end":{"line":65,"column":8}},{"start":{"line":65,"column":8},"end":{"line":65,"column":8}}]},"3":{"line":66,"type":"if","locations":[{"start":{"line":66,"column":8},"end":{"line":66,"column":8}},{"start":{"line":66,"column":8},"end":{"line":66,"column":8}}]},"4":{"line":99,"type":"if","locations":[{"start":{"line":99,"column":8},"end":{"line":99,"column":8}},{"start":{"line":99,"column":8},"end":{"line":99,"column":8}}]},"5":{"line":100,"type":"if","locations":[{"start":{"line":100,"column":8},"end":{"line":100,"column":8}},{"start":{"line":100,"column":8},"end":{"line":100,"column":8}}]},"6":{"line":101,"type":"if","locations":[{"start":{"line":101,"column":8},"end":{"line":101,"column":8}},{"start":{"line":101,"column":8},"end":{"line":101,"column":8}}]},"7":{"line":105,"type":"if","locations":[{"start":{"line":105,"column":12},"end":{"line":105,"column":12}},{"start":{"line":105,"column":12},"end":{"line":105,"column":12}}]},"8":{"line":116,"type":"if","locations":[{"start":{"line":116,"column":8},"end":{"line":116,"column":8}},{"start":{"line":116,"column":8},"end":{"line":116,"column":8}}]}}},"contracts/Staking/HegicStakingETH.sol":{"l":{"31":98,"32":98,"33":4,"34":4,"36":94,"41":2},"path":"/home/nico/Desktop/Hegic/contracts-v888-master/contracts/Staking/HegicStakingETH.sol","s":{"1":98,"2":98,"3":4,"4":4,"5":94,"6":2},"b":{"1":[4,94]},"f":{"1":3,"2":98,"3":2},"fnMap":{"1":{"name":"constructor","line":28,"loc":{"start":{"line":27,"column":4},"end":{"line":28,"column":64}}},"2":{"name":"sendProfit","line":30,"loc":{"start":{"line":30,"column":4},"end":{"line":38,"column":4}}},"3":{"name":"_transferProfit","line":40,"loc":{"start":{"line":40,"column":4},"end":{"line":42,"column":4}}}},"statementMap":{"1":{"start":{"line":31,"column":8},"end":{"line":31,"column":41}},"2":{"start":{"line":32,"column":8},"end":{"line":32,"column":1113}},"3":{"start":{"line":33,"column":12},"end":{"line":33,"column":64}},"4":{"start":{"line":34,"column":12},"end":{"line":34,"column":34}},"5":{"start":{"line":36,"column":12},"end":{"line":36,"column":49}},"6":{"start":{"line":41,"column":8},"end":{"line":41,"column":34}}},"branchMap":{"1":{"line":32,"type":"if","locations":[{"start":{"line":32,"column":8},"end":{"line":32,"column":8}},{"start":{"line":32,"column":8},"end":{"line":32,"column":8}}]}}},"contracts/Staking/HegicStakingWBTC.sol":{"l":{"32":3,"36":98,"37":98,"38":4,"39":4,"40":4,"42":94,"47":2},"path":"/home/nico/Desktop/Hegic/contracts-v888-master/contracts/Staking/HegicStakingWBTC.sol","s":{"1":3,"2":98,"3":98,"4":4,"5":4,"6":4,"7":94,"8":2},"b":{"1":[4,94]},"f":{"1":3,"2":98,"3":2},"fnMap":{"1":{"name":"constructor","line":31,"loc":{"start":{"line":30,"column":4},"end":{"line":33,"column":4}}},"2":{"name":"sendProfit","line":35,"loc":{"start":{"line":35,"column":4},"end":{"line":44,"column":4}}},"3":{"name":"_transferProfit","line":46,"loc":{"start":{"line":46,"column":4},"end":{"line":48,"column":4}}}},"statementMap":{"1":{"start":{"line":32,"column":8},"end":{"line":32,"column":18}},"2":{"start":{"line":36,"column":8},"end":{"line":36,"column":41}},"3":{"start":{"line":37,"column":8},"end":{"line":37,"column":1226}},"4":{"start":{"line":38,"column":12},"end":{"line":38,"column":61}},"5":{"start":{"line":39,"column":12},"end":{"line":39,"column":67}},"6":{"start":{"line":40,"column":12},"end":{"line":40,"column":31}},"7":{"start":{"line":42,"column":12},"end":{"line":42,"column":72}},"8":{"start":{"line":47,"column":8},"end":{"line":47,"column":44}}},"branchMap":{"1":{"line":37,"type":"if","locations":[{"start":{"line":37,"column":8},"end":{"line":37,"column":8}},{"start":{"line":37,"column":8},"end":{"line":37,"column":8}}]}}},"contracts/Vesting/vesting.sol":{"l":{"52":0,"54":0,"55":0,"57":0,"59":0,"60":0,"61":0,"62":0,"63":0,"70":0,"77":0,"84":0,"91":0,"98":0,"105":0,"112":0,"120":0,"122":0,"124":0,"126":0,"128":0,"137":0,"138":0,"140":0,"142":0,"143":0,"145":0,"147":0,"149":0,"157":0,"165":0,"166":0,"168":0,"169":0,"171":0,"173":0},"path":"/home/nico/Desktop/Hegic/contracts-v888-master/contracts/Vesting/vesting.sol","s":{"1":0,"2":0,"3":0,"4":0,"5":0,"6":0,"7":0,"8":0,"9":0,"10":0,"11":0,"12":0,"13":0,"14":0,"15":0,"16":0,"17":0,"18":0,"19":0,"20":0,"21":0,"22":0,"23":0,"24":0,"25":0,"26":0,"27":0,"28":0,"29":0,"30":0,"31":0,"32":0,"33":0,"34":0,"35":0,"36":0,"37":0},"b":{"1":[0,0],"2":[0,0],"3":[0,0],"4":[0,0],"5":[0,0],"6":[0,0],"7":[0,0],"8":[0,0],"9":[0,0]},"f":{"1":0,"2":0,"3":0,"4":0,"5":0,"6":0,"7":0,"8":0,"9":0,"10":0,"11":0,"12":0},"fnMap":{"1":{"name":"constructor","line":51,"loc":{"start":{"line":51,"column":4},"end":{"line":64,"column":4}}},"2":{"name":"beneficiary","line":69,"loc":{"start":{"line":69,"column":4},"end":{"line":71,"column":4}}},"3":{"name":"cliff","line":76,"loc":{"start":{"line":76,"column":4},"end":{"line":78,"column":4}}},"4":{"name":"start","line":83,"loc":{"start":{"line":83,"column":4},"end":{"line":85,"column":4}}},"5":{"name":"duration","line":90,"loc":{"start":{"line":90,"column":4},"end":{"line":92,"column":4}}},"6":{"name":"revocable","line":97,"loc":{"start":{"line":97,"column":4},"end":{"line":99,"column":4}}},"7":{"name":"released","line":104,"loc":{"start":{"line":104,"column":4},"end":{"line":106,"column":4}}},"8":{"name":"revoked","line":111,"loc":{"start":{"line":111,"column":4},"end":{"line":113,"column":4}}},"9":{"name":"release","line":119,"loc":{"start":{"line":119,"column":4},"end":{"line":129,"column":4}}},"10":{"name":"revoke","line":136,"loc":{"start":{"line":136,"column":4},"end":{"line":150,"column":4}}},"11":{"name":"_releasableAmount","line":156,"loc":{"start":{"line":156,"column":4},"end":{"line":158,"column":4}}},"12":{"name":"_vestedAmount","line":164,"loc":{"start":{"line":164,"column":4},"end":{"line":175,"column":4}}}},"statementMap":{"1":{"start":{"line":52,"column":8},"end":{"line":52,"column":90}},"2":{"start":{"line":54,"column":8},"end":{"line":54,"column":88}},"3":{"start":{"line":55,"column":8},"end":{"line":55,"column":59}},"4":{"start":{"line":57,"column":8},"end":{"line":57,"column":104}},"5":{"start":{"line":59,"column":8},"end":{"line":59,"column":33}},"6":{"start":{"line":60,"column":8},"end":{"line":60,"column":29}},"7":{"start":{"line":61,"column":8},"end":{"line":61,"column":27}},"8":{"start":{"line":62,"column":8},"end":{"line":62,"column":40}},"9":{"start":{"line":63,"column":8},"end":{"line":63,"column":21}},"10":{"start":{"line":70,"column":8},"end":{"line":70,"column":27}},"11":{"start":{"line":77,"column":8},"end":{"line":77,"column":21}},"12":{"start":{"line":84,"column":8},"end":{"line":84,"column":21}},"13":{"start":{"line":91,"column":8},"end":{"line":91,"column":24}},"14":{"start":{"line":98,"column":8},"end":{"line":98,"column":25}},"15":{"start":{"line":105,"column":8},"end":{"line":105,"column":31}},"16":{"start":{"line":112,"column":8},"end":{"line":112,"column":30}},"17":{"start":{"line":120,"column":8},"end":{"line":120,"column":53}},"18":{"start":{"line":122,"column":8},"end":{"line":122,"column":65}},"19":{"start":{"line":124,"column":8},"end":{"line":124,"column":76}},"20":{"start":{"line":126,"column":8},"end":{"line":126,"column":51}},"21":{"start":{"line":128,"column":8},"end":{"line":128,"column":55}},"22":{"start":{"line":137,"column":8},"end":{"line":137,"column":57}},"23":{"start":{"line":138,"column":8},"end":{"line":138,"column":80}},"24":{"start":{"line":140,"column":8},"end":{"line":140,"column":56}},"25":{"start":{"line":142,"column":8},"end":{"line":142,"column":53}},"26":{"start":{"line":143,"column":8},"end":{"line":143,"column":48}},"27":{"start":{"line":145,"column":8},"end":{"line":145,"column":38}},"28":{"start":{"line":147,"column":8},"end":{"line":147,"column":42}},"29":{"start":{"line":149,"column":8},"end":{"line":149,"column":48}},"30":{"start":{"line":157,"column":8},"end":{"line":157,"column":66}},"31":{"start":{"line":165,"column":8},"end":{"line":165,"column":63}},"32":{"start":{"line":166,"column":8},"end":{"line":166,"column":76}},"33":{"start":{"line":168,"column":8},"end":{"line":168,"column":5981}},"34":{"start":{"line":169,"column":12},"end":{"line":169,"column":20}},"35":{"start":{"line":170,"column":15},"end":{"line":170,"column":6050}},"36":{"start":{"line":171,"column":12},"end":{"line":171,"column":31}},"37":{"start":{"line":173,"column":12},"end":{"line":173,"column":79}}},"branchMap":{"1":{"line":52,"type":"if","locations":[{"start":{"line":52,"column":8},"end":{"line":52,"column":8}},{"start":{"line":52,"column":8},"end":{"line":52,"column":8}}]},"2":{"line":54,"type":"if","locations":[{"start":{"line":54,"column":8},"end":{"line":54,"column":8}},{"start":{"line":54,"column":8},"end":{"line":54,"column":8}}]},"3":{"line":55,"type":"if","locations":[{"start":{"line":55,"column":8},"end":{"line":55,"column":8}},{"start":{"line":55,"column":8},"end":{"line":55,"column":8}}]},"4":{"line":57,"type":"if","locations":[{"start":{"line":57,"column":8},"end":{"line":57,"column":8}},{"start":{"line":57,"column":8},"end":{"line":57,"column":8}}]},"5":{"line":122,"type":"if","locations":[{"start":{"line":122,"column":8},"end":{"line":122,"column":8}},{"start":{"line":122,"column":8},"end":{"line":122,"column":8}}]},"6":{"line":137,"type":"if","locations":[{"start":{"line":137,"column":8},"end":{"line":137,"column":8}},{"start":{"line":137,"column":8},"end":{"line":137,"column":8}}]},"7":{"line":138,"type":"if","locations":[{"start":{"line":138,"column":8},"end":{"line":138,"column":8}},{"start":{"line":138,"column":8},"end":{"line":138,"column":8}}]},"8":{"line":168,"type":"if","locations":[{"start":{"line":168,"column":8},"end":{"line":168,"column":8}},{"start":{"line":168,"column":8},"end":{"line":168,"column":8}}]},"9":{"line":170,"type":"if","locations":[{"start":{"line":170,"column":15},"end":{"line":170,"column":15}},{"start":{"line":170,"column":15},"end":{"line":170,"column":15}}]}}}}